<?xml version="1.0" encoding="UTF-8"?>
<!-- Generated by org.testng.reporters.JUnitReportReporter -->
<testsuite hostname="Nikhil" failures="0" tests="2" name="com.TestRunner.TestRunner" time="5.216" errors="0" timestamp="2021-12-16T01:47:37 EST" skipped="0">
  <testcase classname="com.TestRunner.TestRunner" name="feature" time="2.749"/>
  <system-out/>
  <testcase classname="com.TestRunner.TestRunner" name="feature" time="2.467"/>
  <system-out/>
</testsuite> <!-- com.TestRunner.TestRunner -->
