<?xml version="1.0" encoding="UTF-8"?>
<!-- Generated by org.testng.reporters.JUnitReportReporter -->
<testsuite hostname="Nikhil" failures="0" tests="2" name="com.TestRunner.TestRunner" time="10.566" errors="0" timestamp="2022-01-23T22:31:37 EST" skipped="0">
  <testcase classname="com.TestRunner.TestRunner" name="feature" time="5.201"/>
  <system-out/>
  <testcase classname="com.TestRunner.TestRunner" name="feature" time="5.365"/>
  <system-out/>
</testsuite> <!-- com.TestRunner.TestRunner -->
